Removed Pin From Net: NetName=GND Pin=BT2-
Removed Pin From Net: NetName=GND Pin=BT2-
Removed Pin From Net: NetName=GND Pin=BT2-
Removed Pin From Net: NetName=GND Pin=BT2-
Removed Pin From Net: NetName=5V Pin=R14-1
Removed Pin From Net: NetName=FB Pin=R14-2
Removed Pin From Net: NetName=GND Pin=R16-1
Removed Pin From Net: NetName=FB Pin=R16-2
Removed Pin From Net: NetName=GND Pin=U2-10
Removed Pin From Net: NetName=GND Pin=U2-11
Removed Pin From Net: NetName=GND Pin=U2-12
Removed Pin From Net: NetName=GND Pin=U2-13
Removed Pin From Net: NetName=GND Pin=U2-14
Removed Pin From Net: NetName=GND Pin=U2-15
Removed Pin From Net: NetName=GND Pin=U2-16
Removed Pin From Net: NetName=GND Pin=U2-17
Change Component Comment : Designator=R16 Old Comment=3.3k New Comment=6.8k/0805
Change Component Comment : Designator=R14 Old Comment=10k New Comment=22k
Change component parameters: Designator = "R14" ("R14"); Footprint = "tro smd 0805"; UniqueID = "\BLFUGYMR" ("\BLFUGYMR")
Change component parameters (AddParameter): Name = "Chung_Loai"; Value = "Dán"; VariantName = "[No Variations]"
Change component parameters (AddParameter): Name = "Don_Vi"; Value = "Con"; VariantName = "[No Variations]"
Change component parameters (AddParameter): Name = "Kieu_Chan"; Value = ""; VariantName = "[No Variations]"
Change component parameters (AddParameter): Name = "Ma_Hang"; Value = "MH005248"; VariantName = "[No Variations]"
Change component parameters (AddParameter): Name = "So_Chan"; Value = "2"; VariantName = "[No Variations]"
Change component parameters (AddParameter): Name = "Ten_Linh_Kien"; Value = "Tr? 0805 5% 22k"; VariantName = "[No Variations]"
Change component parameters: Designator = "R16" ("R16"); Footprint = "tro smd 0805"; UniqueID = "\OQSKGIRT" ("\OQSKGIRT")
Change component parameters (AddParameter): Name = "Chung_Loai"; Value = "Dán"; VariantName = "[No Variations]"
Change component parameters (AddParameter): Name = "Don_Vi"; Value = "Con"; VariantName = "[No Variations]"
Change component parameters (AddParameter): Name = "Kieu_Chan"; Value = ""; VariantName = "[No Variations]"
Change component parameters (AddParameter): Name = "Ma_Hang"; Value = "MH005311"; VariantName = "[No Variations]"
Change component parameters (AddParameter): Name = "So_Chan"; Value = "2"; VariantName = "[No Variations]"
Change component parameters (AddParameter): Name = "Ten_Linh_Kien"; Value = "Tr? 0805 5% 6.8k"; VariantName = "[No Variations]"
Added Component: Designator=L?(LED-0805-Orange)
Add component (AddParameter): Name = "Chung_Loai"; Value = "Dán"; VariantName = "[No Variations]"
Add component (AddParameter): Name = "Don_Vi"; Value = "Con"; VariantName = "[No Variations]"
Add component (AddParameter): Name = "Ghi_Chu"; Value = ""; VariantName = "[No Variations]"
Add component (AddParameter): Name = "Kieu_Chan"; Value = ""; VariantName = "[No Variations]"
Add component (AddParameter): Name = "Ma_Hang"; Value = "MH002328"; VariantName = "[No Variations]"
Add component (AddParameter): Name = "Ten_Linh_Kien"; Value = "LED 0805 Mŕu Cam ( Orange)"; VariantName = "[No Variations]"
Added Pin To Net: NetName=FB Pin=R14-1
Added Pin To Net: NetName=5V Pin=R14-2
Added Pin To Net: NetName=FB Pin=R16-1
Added Pin To Net: NetName=GND Pin=R16-2
Added Member To Class: ClassName=Sheet1 Member=Component L? LED 0805
